<?xml version="1.0" encoding="UTF-8"?>
<!-- Generated by org.testng.reporters.JUnitXMLReporter -->
<testsuite ignored="0" hostname="Rameshs-MacBook-Air.local" failures="0" tests="5" name="Test" time="0.316" errors="0" timestamp="2025-03-06T18:00:13 EST">
  <testcase classname="RameshSwarnkarAutomation.TestComponents.BaseTest" name="@BeforeMethod launchApplication" time="0.022">
    <failure type="java.io.FileNotFoundException" message="/Users/rameshswarnkar/Automation2024/eclipse-workspace/SeleniumFrameworkDesign/Selenium-Framework/src/main/java/RameshSwarnkarAutomation/Resources/GlobalData.properties (No such file or directory)">
      <![CDATA[java.io.FileNotFoundException: /Users/rameshswarnkar/Automation2024/eclipse-workspace/SeleniumFrameworkDesign/Selenium-Framework/src/main/java/RameshSwarnkarAutomation/Resources/GlobalData.properties (No such file or directory)
at java.base/java.io.FileInputStream.open0(Native Method)
at java.base/java.io.FileInputStream.open(FileInputStream.java:219)
at java.base/java.io.FileInputStream.<init>(FileInputStream.java:159)
at java.base/java.io.FileInputStream.<init>(FileInputStream.java:112)
at RameshSwarnkarAutomation.TestComponents.BaseTest.initializeDriver(BaseTest.java:38)
at RameshSwarnkarAutomation.TestComponents.BaseTest.launchApplication(BaseTest.java:71)
at java.base/java.util.ArrayList.forEach(ArrayList.java:1597)
... Removed 33 stack frames]]>
    </failure>
  </testcase> <!-- @BeforeMethod launchApplication -->
  <testcase classname="RameshSwarnkarAutomation.TestComponents.BaseTest" name="@AfterMethod tearDown" time="0.004">
    <failure type="java.lang.NullPointerException" message="Cannot invoke &amp;quot;org.openqa.selenium.WebDriver.quit()&amp;quot; because &amp;quot;this.driver&amp;quot; is null">
      <![CDATA[java.lang.NullPointerException: Cannot invoke "org.openqa.selenium.WebDriver.quit()" because "this.driver" is null
at RameshSwarnkarAutomation.TestComponents.BaseTest.tearDown(BaseTest.java:79)
at java.base/java.util.ArrayList.forEach(ArrayList.java:1597)
... Removed 34 stack frames]]>
    </failure>
  </testcase> <!-- @AfterMethod tearDown -->
  <testcase classname="RameshSwarnkarAutomation.TestComponents.BaseTest" name="@BeforeMethod launchApplication" time="0.001">
    <failure type="java.io.FileNotFoundException" message="/Users/rameshswarnkar/Automation2024/eclipse-workspace/SeleniumFrameworkDesign/Selenium-Framework/src/main/java/RameshSwarnkarAutomation/Resources/GlobalData.properties (No such file or directory)">
      <![CDATA[java.io.FileNotFoundException: /Users/rameshswarnkar/Automation2024/eclipse-workspace/SeleniumFrameworkDesign/Selenium-Framework/src/main/java/RameshSwarnkarAutomation/Resources/GlobalData.properties (No such file or directory)
at java.base/java.io.FileInputStream.open0(Native Method)
at java.base/java.io.FileInputStream.open(FileInputStream.java:219)
at java.base/java.io.FileInputStream.<init>(FileInputStream.java:159)
at java.base/java.io.FileInputStream.<init>(FileInputStream.java:112)
at RameshSwarnkarAutomation.TestComponents.BaseTest.initializeDriver(BaseTest.java:38)
at RameshSwarnkarAutomation.TestComponents.BaseTest.launchApplication(BaseTest.java:71)
at java.base/java.util.ArrayList.forEach(ArrayList.java:1597)
... Removed 33 stack frames]]>
    </failure>
  </testcase> <!-- @BeforeMethod launchApplication -->
  <testcase classname="RameshSwarnkarAutomation.TestComponents.BaseTest" name="@AfterMethod tearDown" time="0.001">
    <failure type="java.lang.NullPointerException" message="Cannot invoke &amp;quot;org.openqa.selenium.WebDriver.quit()&amp;quot; because &amp;quot;this.driver&amp;quot; is null">
      <![CDATA[java.lang.NullPointerException: Cannot invoke "org.openqa.selenium.WebDriver.quit()" because "this.driver" is null
at RameshSwarnkarAutomation.TestComponents.BaseTest.tearDown(BaseTest.java:79)
at java.base/java.util.ArrayList.forEach(ArrayList.java:1597)
... Removed 34 stack frames]]>
    </failure>
  </testcase> <!-- @AfterMethod tearDown -->
  <testcase classname="RameshSwarnkarAutomation.TestComponents.BaseTest" name="@BeforeMethod launchApplication" time="0.001">
    <failure type="java.io.FileNotFoundException" message="/Users/rameshswarnkar/Automation2024/eclipse-workspace/SeleniumFrameworkDesign/Selenium-Framework/src/main/java/RameshSwarnkarAutomation/Resources/GlobalData.properties (No such file or directory)">
      <![CDATA[java.io.FileNotFoundException: /Users/rameshswarnkar/Automation2024/eclipse-workspace/SeleniumFrameworkDesign/Selenium-Framework/src/main/java/RameshSwarnkarAutomation/Resources/GlobalData.properties (No such file or directory)
at java.base/java.io.FileInputStream.open0(Native Method)
at java.base/java.io.FileInputStream.open(FileInputStream.java:219)
at java.base/java.io.FileInputStream.<init>(FileInputStream.java:159)
at java.base/java.io.FileInputStream.<init>(FileInputStream.java:112)
at RameshSwarnkarAutomation.TestComponents.BaseTest.initializeDriver(BaseTest.java:38)
at RameshSwarnkarAutomation.TestComponents.BaseTest.launchApplication(BaseTest.java:71)
at java.base/java.util.ArrayList.forEach(ArrayList.java:1597)
... Removed 33 stack frames]]>
    </failure>
  </testcase> <!-- @BeforeMethod launchApplication -->
  <testcase classname="RameshSwarnkarAutomation.TestComponents.BaseTest" name="@AfterMethod tearDown" time="0.001">
    <failure type="java.lang.NullPointerException" message="Cannot invoke &amp;quot;org.openqa.selenium.WebDriver.quit()&amp;quot; because &amp;quot;this.driver&amp;quot; is null">
      <![CDATA[java.lang.NullPointerException: Cannot invoke "org.openqa.selenium.WebDriver.quit()" because "this.driver" is null
at RameshSwarnkarAutomation.TestComponents.BaseTest.tearDown(BaseTest.java:79)
at java.base/java.util.ArrayList.forEach(ArrayList.java:1597)
... Removed 34 stack frames]]>
    </failure>
  </testcase> <!-- @AfterMethod tearDown -->
  <testcase classname="RameshSwarnkarAutomation.TestComponents.BaseTest" name="@BeforeMethod launchApplication" time="0.0">
    <failure type="java.io.FileNotFoundException" message="/Users/rameshswarnkar/Automation2024/eclipse-workspace/SeleniumFrameworkDesign/Selenium-Framework/src/main/java/RameshSwarnkarAutomation/Resources/GlobalData.properties (No such file or directory)">
      <![CDATA[java.io.FileNotFoundException: /Users/rameshswarnkar/Automation2024/eclipse-workspace/SeleniumFrameworkDesign/Selenium-Framework/src/main/java/RameshSwarnkarAutomation/Resources/GlobalData.properties (No such file or directory)
at java.base/java.io.FileInputStream.open0(Native Method)
at java.base/java.io.FileInputStream.open(FileInputStream.java:219)
at java.base/java.io.FileInputStream.<init>(FileInputStream.java:159)
at java.base/java.io.FileInputStream.<init>(FileInputStream.java:112)
at RameshSwarnkarAutomation.TestComponents.BaseTest.initializeDriver(BaseTest.java:38)
at RameshSwarnkarAutomation.TestComponents.BaseTest.launchApplication(BaseTest.java:71)
at java.base/java.util.ArrayList.forEach(ArrayList.java:1597)
... Removed 33 stack frames]]>
    </failure>
  </testcase> <!-- @BeforeMethod launchApplication -->
  <testcase classname="RameshSwarnkarAutomation.TestComponents.BaseTest" name="@AfterMethod tearDown" time="0.001">
    <failure type="java.lang.NullPointerException" message="Cannot invoke &amp;quot;org.openqa.selenium.WebDriver.quit()&amp;quot; because &amp;quot;this.driver&amp;quot; is null">
      <![CDATA[java.lang.NullPointerException: Cannot invoke "org.openqa.selenium.WebDriver.quit()" because "this.driver" is null
at RameshSwarnkarAutomation.TestComponents.BaseTest.tearDown(BaseTest.java:79)
at java.base/java.util.ArrayList.forEach(ArrayList.java:1597)
... Removed 34 stack frames]]>
    </failure>
  </testcase> <!-- @AfterMethod tearDown -->
  <testcase classname="RameshSwarnkarAutomation.TestComponents.BaseTest" name="@BeforeMethod launchApplication" time="0.0">
    <failure type="java.io.FileNotFoundException" message="/Users/rameshswarnkar/Automation2024/eclipse-workspace/SeleniumFrameworkDesign/Selenium-Framework/src/main/java/RameshSwarnkarAutomation/Resources/GlobalData.properties (No such file or directory)">
      <![CDATA[java.io.FileNotFoundException: /Users/rameshswarnkar/Automation2024/eclipse-workspace/SeleniumFrameworkDesign/Selenium-Framework/src/main/java/RameshSwarnkarAutomation/Resources/GlobalData.properties (No such file or directory)
at java.base/java.io.FileInputStream.open0(Native Method)
at java.base/java.io.FileInputStream.open(FileInputStream.java:219)
at java.base/java.io.FileInputStream.<init>(FileInputStream.java:159)
at java.base/java.io.FileInputStream.<init>(FileInputStream.java:112)
at RameshSwarnkarAutomation.TestComponents.BaseTest.initializeDriver(BaseTest.java:38)
at RameshSwarnkarAutomation.TestComponents.BaseTest.launchApplication(BaseTest.java:71)
at java.base/java.util.ArrayList.forEach(ArrayList.java:1597)
... Removed 33 stack frames]]>
    </failure>
  </testcase> <!-- @BeforeMethod launchApplication -->
  <testcase classname="RameshSwarnkarAutomation.TestComponents.BaseTest" name="@AfterMethod tearDown" time="0.001">
    <failure type="java.lang.NullPointerException" message="Cannot invoke &amp;quot;org.openqa.selenium.WebDriver.quit()&amp;quot; because &amp;quot;this.driver&amp;quot; is null">
      <![CDATA[java.lang.NullPointerException: Cannot invoke "org.openqa.selenium.WebDriver.quit()" because "this.driver" is null
at RameshSwarnkarAutomation.TestComponents.BaseTest.tearDown(BaseTest.java:79)
at java.base/java.util.ArrayList.forEach(ArrayList.java:1597)
... Removed 34 stack frames]]>
    </failure>
  </testcase> <!-- @AfterMethod tearDown -->
  <testcase classname="RameshSwarnkarAutomation.TestCases.WithFrameworkTest" name="E2EHappyFlow" time="0.0">
    <skipped/>
  </testcase> <!-- E2EHappyFlow -->
  <testcase classname="RameshSwarnkarAutomation.TestCases.WithFrameworkTest" name="LoginAndLogOutFlow" time="0.0">
    <skipped/>
  </testcase> <!-- LoginAndLogOutFlow -->
  <testcase classname="RameshSwarnkarAutomation.TestCases.WithFrameworkTest" name="LoginAndLogOutFlow" time="0.0">
    <skipped/>
  </testcase> <!-- LoginAndLogOutFlow -->
  <testcase classname="RameshSwarnkarAutomation.TestCases.ErrorValidationsTest" name="loginErrorValidations" time="0.0">
    <skipped/>
  </testcase> <!-- loginErrorValidations -->
  <testcase classname="RameshSwarnkarAutomation.TestCases.ErrorValidationsTest" name="secondErrorValidation" time="0.0">
    <skipped/>
  </testcase> <!-- secondErrorValidation -->
</testsuite> <!-- Test -->
