<!DOCTYPE html PUBLIC "-//W3C//DTD XHTML 1.1//EN" "https://www.w3.org/TR/xhtml11/DTD/xhtml11.dtd">
<html xmlns="https://www.w3.org/1999/xhtml">
<head>
<meta http-equiv="content-type" content="text/html; charset=UTF-8"/>
<title>TestNG Report</title>
<style type="text/css">table {margin-bottom:10px;border-collapse:collapse;empty-cells:show}th,td {border:1px solid #009;padding:.25em .5em}th {vertical-align:bottom}td {vertical-align:top}table a {font-weight:bold}.stripe td {background-color: #E6EBF9}.num {text-align:right}.passedodd td {background-color: #3F3}.passedeven td {background-color: #0A0}.skippedodd td {background-color: #DDD}.skippedeven td {background-color: #CCC}.failedodd td,.attn {background-color: #F33}.failedeven td,.stripe .attn {background-color: #D00}.stacktrace {white-space:pre;font-family:monospace}.totop {font-size:85%;text-align:center;border-bottom:2px solid #000}.invisible {display:none}</style>
</head>
<body>
<table>
<tr><th>Test</th><th># Passed</th><th># Skipped</th><th># Retried</th><th># Failed</th><th>Time (ms)</th><th>Included Groups</th><th>Excluded Groups</th></tr>
<tr><th colspan="8">Suite</th></tr>
<tr><td><a href="#t0">Test</a></td><td class="num">0</td><td class="num attn">5</td><td class="num">0</td><td class="num">0</td><td class="num">316</td><td></td><td></td></tr>
</table>
<table id='summary'><thead><tr><th>Class</th><th>Method</th><th>Start</th><th>Time (ms)</th></tr></thead><tbody><tr><th colspan="4">Suite</th></tr></tbody><tbody id="t0"><tr><th colspan="4">Test &#8212; failed (configuration methods)</th></tr><tr class="failedeven"><td rowspan="4">RameshSwarnkarAutomation.TestCases.ErrorValidationsTest</td><td><a href="#m0">launchApplication</a></td><td rowspan="2">1741302011391</td><td rowspan="2">0</td></tr><tr class="failedeven"><td><a href="#m1">launchApplication</a></td></tr><tr class="failedeven"><td><a href="#m2">tearDown</a></td><td rowspan="2">1741302011395</td><td rowspan="2">1</td></tr><tr class="failedeven"><td><a href="#m3">tearDown</a></td></tr><tr class="failedodd"><td rowspan="6">RameshSwarnkarAutomation.TestCases.WithFrameworkTest</td><td><a href="#m4">launchApplication</a></td><td rowspan="3">1741302011335</td><td rowspan="3">1</td></tr><tr class="failedodd"><td><a href="#m5">launchApplication</a></td></tr><tr class="failedodd"><td><a href="#m6">launchApplication</a></td></tr><tr class="failedodd"><td><a href="#m7">tearDown</a></td><td rowspan="3">1741302011289</td><td rowspan="3">4</td></tr><tr class="failedodd"><td><a href="#m8">tearDown</a></td></tr><tr class="failedodd"><td><a href="#m9">tearDown</a></td></tr><tr><th colspan="4">Test &#8212; skipped</th></tr><tr class="skippedeven"><td rowspan="2">RameshSwarnkarAutomation.TestCases.ErrorValidationsTest</td><td><a href="#m10">loginErrorValidations</a></td><td rowspan="1">1741302011373</td><td rowspan="1">0</td></tr><tr class="skippedeven"><td><a href="#m11">secondErrorValidation</a></td><td rowspan="1">1741302011393</td><td rowspan="1">0</td></tr><tr class="skippedodd"><td rowspan="3">RameshSwarnkarAutomation.TestCases.WithFrameworkTest</td><td><a href="#m12">E2EHappyFlow</a></td><td rowspan="1">1741302011243</td><td rowspan="1">0</td></tr><tr class="skippedodd"><td><a href="#m13">LoginAndLogOutFlow</a></td><td rowspan="2">1741302011347</td><td rowspan="2">0</td></tr><tr class="skippedodd"><td><a href="#m14">LoginAndLogOutFlow</a></td></tr></tbody>
</table>
<h2>Test</h2><h3 id="m0">RameshSwarnkarAutomation.TestCases.ErrorValidationsTest#launchApplication</h3><table class="result"><tr><th>Exception</th></tr><tr><td><div class="stacktrace">java.io.FileNotFoundException: /Users/rameshswarnkar/Automation2024/eclipse-workspace/SeleniumFrameworkDesign/Selenium-Framework/src/main/java/RameshSwarnkarAutomation/Resources/GlobalData.properties (No such file or directory)
	at java.base/java.io.FileInputStream.open0(Native Method)
	at java.base/java.io.FileInputStream.open(FileInputStream.java:219)
	at java.base/java.io.FileInputStream.&lt;init&gt;(FileInputStream.java:159)
	at java.base/java.io.FileInputStream.&lt;init&gt;(FileInputStream.java:112)
	at RameshSwarnkarAutomation.TestComponents.BaseTest.initializeDriver(BaseTest.java:38)
	at RameshSwarnkarAutomation.TestComponents.BaseTest.launchApplication(BaseTest.java:71)
	at java.base/java.util.ArrayList.forEach(ArrayList.java:1597)
... Removed 33 stack frames</div></td></tr></table><p class="totop"><a href="#summary">back to summary</a></p>
<h3 id="m1">RameshSwarnkarAutomation.TestCases.ErrorValidationsTest#launchApplication</h3><table class="result"><tr><th>Exception</th></tr><tr><td><div class="stacktrace">java.io.FileNotFoundException: /Users/rameshswarnkar/Automation2024/eclipse-workspace/SeleniumFrameworkDesign/Selenium-Framework/src/main/java/RameshSwarnkarAutomation/Resources/GlobalData.properties (No such file or directory)
	at java.base/java.io.FileInputStream.open0(Native Method)
	at java.base/java.io.FileInputStream.open(FileInputStream.java:219)
	at java.base/java.io.FileInputStream.&lt;init&gt;(FileInputStream.java:159)
	at java.base/java.io.FileInputStream.&lt;init&gt;(FileInputStream.java:112)
	at RameshSwarnkarAutomation.TestComponents.BaseTest.initializeDriver(BaseTest.java:38)
	at RameshSwarnkarAutomation.TestComponents.BaseTest.launchApplication(BaseTest.java:71)
	at java.base/java.util.ArrayList.forEach(ArrayList.java:1597)
... Removed 33 stack frames</div></td></tr></table><p class="totop"><a href="#summary">back to summary</a></p>
<h3 id="m2">RameshSwarnkarAutomation.TestCases.ErrorValidationsTest#tearDown</h3><table class="result"><tr><th>Exception</th></tr><tr><td><div class="stacktrace">java.lang.NullPointerException: Cannot invoke &quot;org.openqa.selenium.WebDriver.quit()&quot; because &quot;this.driver&quot; is null
	at RameshSwarnkarAutomation.TestComponents.BaseTest.tearDown(BaseTest.java:79)
	at java.base/java.util.ArrayList.forEach(ArrayList.java:1597)
... Removed 34 stack frames</div></td></tr></table><p class="totop"><a href="#summary">back to summary</a></p>
<h3 id="m3">RameshSwarnkarAutomation.TestCases.ErrorValidationsTest#tearDown</h3><table class="result"><tr><th>Exception</th></tr><tr><td><div class="stacktrace">java.lang.NullPointerException: Cannot invoke &quot;org.openqa.selenium.WebDriver.quit()&quot; because &quot;this.driver&quot; is null
	at RameshSwarnkarAutomation.TestComponents.BaseTest.tearDown(BaseTest.java:79)
	at java.base/java.util.ArrayList.forEach(ArrayList.java:1597)
... Removed 34 stack frames</div></td></tr></table><p class="totop"><a href="#summary">back to summary</a></p>
<h3 id="m4">RameshSwarnkarAutomation.TestCases.WithFrameworkTest#launchApplication</h3><table class="result"><tr><th>Exception</th></tr><tr><td><div class="stacktrace">java.io.FileNotFoundException: /Users/rameshswarnkar/Automation2024/eclipse-workspace/SeleniumFrameworkDesign/Selenium-Framework/src/main/java/RameshSwarnkarAutomation/Resources/GlobalData.properties (No such file or directory)
	at java.base/java.io.FileInputStream.open0(Native Method)
	at java.base/java.io.FileInputStream.open(FileInputStream.java:219)
	at java.base/java.io.FileInputStream.&lt;init&gt;(FileInputStream.java:159)
	at java.base/java.io.FileInputStream.&lt;init&gt;(FileInputStream.java:112)
	at RameshSwarnkarAutomation.TestComponents.BaseTest.initializeDriver(BaseTest.java:38)
	at RameshSwarnkarAutomation.TestComponents.BaseTest.launchApplication(BaseTest.java:71)
	at java.base/java.util.ArrayList.forEach(ArrayList.java:1597)
... Removed 33 stack frames</div></td></tr></table><p class="totop"><a href="#summary">back to summary</a></p>
<h3 id="m5">RameshSwarnkarAutomation.TestCases.WithFrameworkTest#launchApplication</h3><table class="result"><tr><th>Exception</th></tr><tr><td><div class="stacktrace">java.io.FileNotFoundException: /Users/rameshswarnkar/Automation2024/eclipse-workspace/SeleniumFrameworkDesign/Selenium-Framework/src/main/java/RameshSwarnkarAutomation/Resources/GlobalData.properties (No such file or directory)
	at java.base/java.io.FileInputStream.open0(Native Method)
	at java.base/java.io.FileInputStream.open(FileInputStream.java:219)
	at java.base/java.io.FileInputStream.&lt;init&gt;(FileInputStream.java:159)
	at java.base/java.io.FileInputStream.&lt;init&gt;(FileInputStream.java:112)
	at RameshSwarnkarAutomation.TestComponents.BaseTest.initializeDriver(BaseTest.java:38)
	at RameshSwarnkarAutomation.TestComponents.BaseTest.launchApplication(BaseTest.java:71)
	at java.base/java.util.ArrayList.forEach(ArrayList.java:1597)
... Removed 33 stack frames</div></td></tr></table><p class="totop"><a href="#summary">back to summary</a></p>
<h3 id="m6">RameshSwarnkarAutomation.TestCases.WithFrameworkTest#launchApplication</h3><table class="result"><tr><th>Exception</th></tr><tr><td><div class="stacktrace">java.io.FileNotFoundException: /Users/rameshswarnkar/Automation2024/eclipse-workspace/SeleniumFrameworkDesign/Selenium-Framework/src/main/java/RameshSwarnkarAutomation/Resources/GlobalData.properties (No such file or directory)
	at java.base/java.io.FileInputStream.open0(Native Method)
	at java.base/java.io.FileInputStream.open(FileInputStream.java:219)
	at java.base/java.io.FileInputStream.&lt;init&gt;(FileInputStream.java:159)
	at java.base/java.io.FileInputStream.&lt;init&gt;(FileInputStream.java:112)
	at RameshSwarnkarAutomation.TestComponents.BaseTest.initializeDriver(BaseTest.java:38)
	at RameshSwarnkarAutomation.TestComponents.BaseTest.launchApplication(BaseTest.java:71)
	at java.base/java.util.ArrayList.forEach(ArrayList.java:1597)
... Removed 33 stack frames</div></td></tr></table><p class="totop"><a href="#summary">back to summary</a></p>
<h3 id="m7">RameshSwarnkarAutomation.TestCases.WithFrameworkTest#tearDown</h3><table class="result"><tr><th>Exception</th></tr><tr><td><div class="stacktrace">java.lang.NullPointerException: Cannot invoke &quot;org.openqa.selenium.WebDriver.quit()&quot; because &quot;this.driver&quot; is null
	at RameshSwarnkarAutomation.TestComponents.BaseTest.tearDown(BaseTest.java:79)
	at java.base/java.util.ArrayList.forEach(ArrayList.java:1597)
... Removed 34 stack frames</div></td></tr></table><p class="totop"><a href="#summary">back to summary</a></p>
<h3 id="m8">RameshSwarnkarAutomation.TestCases.WithFrameworkTest#tearDown</h3><table class="result"><tr><th>Exception</th></tr><tr><td><div class="stacktrace">java.lang.NullPointerException: Cannot invoke &quot;org.openqa.selenium.WebDriver.quit()&quot; because &quot;this.driver&quot; is null
	at RameshSwarnkarAutomation.TestComponents.BaseTest.tearDown(BaseTest.java:79)
	at java.base/java.util.ArrayList.forEach(ArrayList.java:1597)
... Removed 34 stack frames</div></td></tr></table><p class="totop"><a href="#summary">back to summary</a></p>
<h3 id="m9">RameshSwarnkarAutomation.TestCases.WithFrameworkTest#tearDown</h3><table class="result"><tr><th>Exception</th></tr><tr><td><div class="stacktrace">java.lang.NullPointerException: Cannot invoke &quot;org.openqa.selenium.WebDriver.quit()&quot; because &quot;this.driver&quot; is null
	at RameshSwarnkarAutomation.TestComponents.BaseTest.tearDown(BaseTest.java:79)
	at java.base/java.util.ArrayList.forEach(ArrayList.java:1597)
... Removed 34 stack frames</div></td></tr></table><p class="totop"><a href="#summary">back to summary</a></p>
<h3 id="m10">RameshSwarnkarAutomation.TestCases.ErrorValidationsTest#loginErrorValidations</h3><table class="result"><tr><th>Exception</th></tr><tr><td><div class="stacktrace">java.io.FileNotFoundException: /Users/rameshswarnkar/Automation2024/eclipse-workspace/SeleniumFrameworkDesign/Selenium-Framework/src/main/java/RameshSwarnkarAutomation/Resources/GlobalData.properties (No such file or directory)
	at java.base/java.io.FileInputStream.open0(Native Method)
	at java.base/java.io.FileInputStream.open(FileInputStream.java:219)
	at java.base/java.io.FileInputStream.&lt;init&gt;(FileInputStream.java:159)
	at java.base/java.io.FileInputStream.&lt;init&gt;(FileInputStream.java:112)
	at RameshSwarnkarAutomation.TestComponents.BaseTest.initializeDriver(BaseTest.java:38)
	at RameshSwarnkarAutomation.TestComponents.BaseTest.launchApplication(BaseTest.java:71)
	at java.base/java.util.ArrayList.forEach(ArrayList.java:1597)
... Removed 33 stack frames</div></td></tr></table><p class="totop"><a href="#summary">back to summary</a></p>
<h3 id="m11">RameshSwarnkarAutomation.TestCases.ErrorValidationsTest#secondErrorValidation</h3><table class="result"><tr><th>Exception</th></tr><tr><td><div class="stacktrace">java.io.FileNotFoundException: /Users/rameshswarnkar/Automation2024/eclipse-workspace/SeleniumFrameworkDesign/Selenium-Framework/src/main/java/RameshSwarnkarAutomation/Resources/GlobalData.properties (No such file or directory)
	at java.base/java.io.FileInputStream.open0(Native Method)
	at java.base/java.io.FileInputStream.open(FileInputStream.java:219)
	at java.base/java.io.FileInputStream.&lt;init&gt;(FileInputStream.java:159)
	at java.base/java.io.FileInputStream.&lt;init&gt;(FileInputStream.java:112)
	at RameshSwarnkarAutomation.TestComponents.BaseTest.initializeDriver(BaseTest.java:38)
	at RameshSwarnkarAutomation.TestComponents.BaseTest.launchApplication(BaseTest.java:71)
	at java.base/java.util.ArrayList.forEach(ArrayList.java:1597)
... Removed 33 stack frames</div></td></tr></table><p class="totop"><a href="#summary">back to summary</a></p>
<h3 id="m12">RameshSwarnkarAutomation.TestCases.WithFrameworkTest#E2EHappyFlow</h3><table class="result"><tr><th>Exception</th></tr><tr><td><div class="stacktrace">java.io.FileNotFoundException: /Users/rameshswarnkar/Automation2024/eclipse-workspace/SeleniumFrameworkDesign/Selenium-Framework/src/main/java/RameshSwarnkarAutomation/Resources/GlobalData.properties (No such file or directory)
	at java.base/java.io.FileInputStream.open0(Native Method)
	at java.base/java.io.FileInputStream.open(FileInputStream.java:219)
	at java.base/java.io.FileInputStream.&lt;init&gt;(FileInputStream.java:159)
	at java.base/java.io.FileInputStream.&lt;init&gt;(FileInputStream.java:112)
	at RameshSwarnkarAutomation.TestComponents.BaseTest.initializeDriver(BaseTest.java:38)
	at RameshSwarnkarAutomation.TestComponents.BaseTest.launchApplication(BaseTest.java:71)
	at java.base/java.util.ArrayList.forEach(ArrayList.java:1597)
... Removed 33 stack frames</div></td></tr></table><p class="totop"><a href="#summary">back to summary</a></p>
<h3 id="m13">RameshSwarnkarAutomation.TestCases.WithFrameworkTest#LoginAndLogOutFlow</h3><table class="result"><tr class="param"><th>Parameter #1</th></tr><tr class="param stripe"><td>{userName=fisrt.last@gmail.com, Password=Password1}</td></tr><tr><th>Exception</th></tr><tr><td><div class="stacktrace">java.io.FileNotFoundException: /Users/rameshswarnkar/Automation2024/eclipse-workspace/SeleniumFrameworkDesign/Selenium-Framework/src/main/java/RameshSwarnkarAutomation/Resources/GlobalData.properties (No such file or directory)
	at java.base/java.io.FileInputStream.open0(Native Method)
	at java.base/java.io.FileInputStream.open(FileInputStream.java:219)
	at java.base/java.io.FileInputStream.&lt;init&gt;(FileInputStream.java:159)
	at java.base/java.io.FileInputStream.&lt;init&gt;(FileInputStream.java:112)
	at RameshSwarnkarAutomation.TestComponents.BaseTest.initializeDriver(BaseTest.java:38)
	at RameshSwarnkarAutomation.TestComponents.BaseTest.launchApplication(BaseTest.java:71)
	at java.base/java.util.ArrayList.forEach(ArrayList.java:1597)
... Removed 33 stack frames</div></td></tr></table><p class="totop"><a href="#summary">back to summary</a></p>
<h3 id="m14">RameshSwarnkarAutomation.TestCases.WithFrameworkTest#LoginAndLogOutFlow</h3><table class="result"><tr class="param"><th>Parameter #1</th></tr><tr class="param stripe"><td>{userName=ramesh.swarnkar@gmail.com, Password=Password1}</td></tr><tr><th>Exception</th></tr><tr><td><div class="stacktrace">java.io.FileNotFoundException: /Users/rameshswarnkar/Automation2024/eclipse-workspace/SeleniumFrameworkDesign/Selenium-Framework/src/main/java/RameshSwarnkarAutomation/Resources/GlobalData.properties (No such file or directory)
	at java.base/java.io.FileInputStream.open0(Native Method)
	at java.base/java.io.FileInputStream.open(FileInputStream.java:219)
	at java.base/java.io.FileInputStream.&lt;init&gt;(FileInputStream.java:159)
	at java.base/java.io.FileInputStream.&lt;init&gt;(FileInputStream.java:112)
	at RameshSwarnkarAutomation.TestComponents.BaseTest.initializeDriver(BaseTest.java:38)
	at RameshSwarnkarAutomation.TestComponents.BaseTest.launchApplication(BaseTest.java:71)
	at java.base/java.util.ArrayList.forEach(ArrayList.java:1597)
... Removed 33 stack frames</div></td></tr></table><p class="totop"><a href="#summary">back to summary</a></p>
</body>
</html>
